<?xml version="1.0" encoding="UTF-8"?>
<!-- Generated by org.testng.reporters.JUnitReportReporter -->
<testsuite hostname="DS2-AEAUTO" failures="0" tests="3" name="files.DynamicJson" time="2.781" errors="0" timestamp="2024-04-06T23:43:52 IST" skipped="0">
  <testcase classname="files.DynamicJson" name="addBook" time="0.125"/>
  <testcase classname="files.DynamicJson" name="addBook" time="0.141"/>
  <testcase classname="files.DynamicJson" name="addBook" time="2.515"/>
</testsuite> <!-- files.DynamicJson -->
