<?xml version="1.0" encoding="UTF-8"?>
<!-- Generated by org.testng.reporters.JUnitReportReporter -->
<testsuite hostname="DS2-AEAUTO" failures="0" tests="1" name="SumValidation" time="1.568" errors="0" timestamp="2024-04-06T10:40:14 IST" skipped="0">
  <testcase classname="SumValidation" name="sumOfCourse" time="1.568"/>
</testsuite> <!-- SumValidation -->
